{
  "uid" : "3ceb7566d6cd1aa1",
  "name" : "test_冒烟测试2",
  "fullName" : "Testcase.V2.0.test_冒烟测试用例.Test_HSC3冒烟测试#test_冒烟测试2",
  "historyId" : "3fc1fbce9329459146ae79ba83137fa4",
  "time" : {
    "start" : 1681375997117,
    "stop" : 1681375997117,
    "duration" : 0
  },
  "status" : "failed",
  "statusMessage" : "AssertionError: 断言失败\nassert 1 == 2",
  "statusTrace" : "self = <test_冒烟测试用例.Test_HSC3冒烟测试 object at 0x00000228A91B1408>\n\n    def test_冒烟测试2(self):\n        c = 1\n        d = 2\n>       assert c==d, \"断言失败\"\nE       AssertionError: 断言失败\nE       assert 1 == 2\n\nTestcase\\V2.0\\test_冒烟测试用例.py:21: AssertionError",
  "flaky" : false,
  "newFailed" : false,
  "beforeStages" : [ {
    "name" : "ftp文件传输fixture",
    "time" : {
      "start" : 1681375997113,
      "stop" : 1681375997113,
      "duration" : 0
    },
    "status" : "passed",
    "steps" : [ ],
    "attachments" : [ ],
    "parameters" : [ ],
    "attachmentsCount" : 0,
    "shouldDisplayMessage" : false,
    "hasContent" : false,
    "stepsCount" : 0
  }, {
    "name" : "系统状态监测fixture",
    "time" : {
      "start" : 1681375997114,
      "stop" : 1681375997114,
      "duration" : 0
    },
    "status" : "passed",
    "steps" : [ ],
    "attachments" : [ ],
    "parameters" : [ ],
    "attachmentsCount" : 0,
    "shouldDisplayMessage" : false,
    "hasContent" : false,
    "stepsCount" : 0
  } ],
  "afterStages" : [ {
    "name" : "ftp文件传输fixture::0",
    "time" : {
      "start" : 1681375997173,
      "stop" : 1681375997173,
      "duration" : 0
    },
    "status" : "passed",
    "steps" : [ ],
    "attachments" : [ ],
    "parameters" : [ ],
    "attachmentsCount" : 0,
    "shouldDisplayMessage" : false,
    "hasContent" : false,
    "stepsCount" : 0
  } ],
  "labels" : [ {
    "name" : "parentSuite",
    "value" : "Testcase.V2.0"
  }, {
    "name" : "suite",
    "value" : "test_冒烟测试用例"
  }, {
    "name" : "subSuite",
    "value" : "Test_HSC3冒烟测试"
  }, {
    "name" : "host",
    "value" : "DESKTOP-AS4K0DF"
  }, {
    "name" : "thread",
    "value" : "1576-MainThread"
  }, {
    "name" : "framework",
    "value" : "pytest"
  }, {
    "name" : "language",
    "value" : "cpython3"
  }, {
    "name" : "package",
    "value" : "Testcase.V2.0.test_冒烟测试用例"
  }, {
    "name" : "resultFormat",
    "value" : "allure2"
  } ],
  "parameters" : [ ],
  "links" : [ ],
  "hidden" : false,
  "retry" : false,
  "extra" : {
    "severity" : "normal",
    "retries" : [ {
      "uid" : "12470e6e51123c95",
      "status" : "broken",
      "statusDetails" : "NameError: name 'pVm' is not defined",
      "time" : {
        "start" : 1681375963494,
        "stop" : 1681375963494,
        "duration" : 0
      }
    } ],
    "categories" : [ {
      "name" : "Product defects",
      "matchedStatuses" : [ ],
      "flaky" : false
    } ],
    "tags" : [ ]
  },
  "source" : "3ceb7566d6cd1aa1.json",
  "parameterValues" : [ ]
}